SF:lib\cubit\wake_up_calculator_cubit.dart
DA:9,1
DA:10,3
DA:11,3
DA:19,1
DA:20,1
DA:21,1
DA:24,1
DA:25,1
DA:26,1
DA:29,1
DA:30,1
DA:31,1
DA:34,1
DA:35,1
DA:37,3
DA:38,1
DA:39,1
DA:42,1
DA:43,2
DA:47,1
DA:48,1
DA:50,2
DA:52,5
DA:53,3
DA:55,5
DA:62,1
DA:63,1
DA:65,2
DA:66,2
DA:67,3
DA:69,3
DA:76,1
DA:77,2
DA:80,1
DA:82,4
DA:83,1
DA:86,1
DA:87,1
DA:88,1
DA:92,2
DA:94,2
LF:41
LH:41
end_of_record
SF:lib\cubit\wake_up_calculator_state.dart
DA:4,1
DA:10,1
DA:12,0
DA:13,0
DA:21,1
DA:23,1
DA:24,4
DA:31,1
DA:33,1
DA:34,3
LF:10
LH:8
end_of_record
