SF:lib\cubit\wake_up_calculator_cubit.dart
DA:9,1
DA:10,3
DA:11,3
DA:19,1
DA:20,1
DA:21,1
DA:24,1
DA:25,1
DA:26,1
DA:29,0
DA:30,0
DA:31,0
DA:34,1
DA:35,0
DA:37,2
DA:38,1
DA:39,1
DA:42,1
DA:43,2
DA:47,1
DA:48,1
DA:50,2
DA:52,5
DA:53,3
DA:55,5
DA:62,1
DA:63,1
DA:65,2
DA:66,2
DA:67,3
DA:69,3
DA:76,1
DA:77,2
DA:80,1
DA:82,4
DA:83,1
DA:86,1
DA:87,1
DA:88,1
DA:92,1
DA:94,1
LF:41
LH:37
end_of_record
SF:lib\cubit\wake_up_calculator_state.dart
DA:4,1
DA:10,1
DA:12,0
DA:13,0
DA:21,1
DA:23,0
DA:24,0
DA:31,1
DA:33,0
DA:34,0
LF:10
LH:4
end_of_record
SF:lib\screens\home_screen.dart
DA:8,1
DA:10,1
DA:12,1
DA:13,1
DA:14,1
DA:18,1
DA:19,1
DA:20,1
DA:21,2
DA:22,2
LF:10
LH:10
end_of_record
SF:lib\widgets\wake_up_calculator_form.dart
DA:11,2
DA:13,1
DA:15,1
DA:16,1
DA:17,1
DA:18,1
DA:19,1
DA:21,1
DA:22,1
DA:23,1
DA:24,1
DA:28,1
DA:31,1
DA:35,1
DA:36,1
DA:37,1
DA:39,1
DA:40,2
DA:41,2
DA:43,1
DA:44,2
DA:45,2
DA:48,1
DA:49,1
DA:50,1
DA:52,1
DA:53,1
DA:61,1
DA:63,1
DA:64,1
DA:66,1
DA:70,1
DA:71,1
DA:72,2
DA:75,1
DA:76,2
DA:80,1
DA:81,1
DA:82,2
DA:83,1
DA:89,3
DA:90,1
DA:92,1
DA:96,1
DA:97,3
DA:99,3
DA:102,1
DA:103,1
DA:104,2
DA:105,1
DA:111,3
DA:112,1
DA:113,2
DA:115,1
DA:116,2
DA:118,1
DA:120,0
DA:121,0
DA:122,0
DA:125,5
DA:126,1
DA:127,8
DA:129,3
DA:131,3
DA:135,1
DA:136,7
DA:138,1
DA:139,2
DA:141,3
LF:69
LH:66
end_of_record
SF:lib\widgets\wake_up_calculator_result.dart
DA:9,1
DA:10,1
DA:12,1
DA:14,1
DA:15,1
DA:16,1
DA:17,1
DA:19,1
DA:20,2
DA:22,1
DA:23,1
DA:25,1
DA:26,3
DA:27,2
DA:28,2
DA:29,2
DA:30,2
DA:31,2
DA:32,1
DA:33,2
DA:35,1
LF:21
LH:21
end_of_record
